<?xml version="1.0" encoding="UTF-8"?>
<!-- Generated by org.testng.reporters.JUnitReportReporter -->
<testsuite hostname="LTIN518445" failures="0" tests="1" name="testcases.Tc_003_010_UI_ValidatingLoanAmountcalculator_YearAndMonth" time="5.443" errors="0" timestamp="2024-06-13T17:54:38 IST" skipped="0">
  <testcase classname="testcases.Tc_003_010_UI_ValidatingLoanAmountcalculator_YearAndMonth" name="validatingLoanAmountcalculator_YearAndMonth" time="5.443"/>
</testsuite> <!-- testcases.Tc_003_010_UI_ValidatingLoanAmountcalculator_YearAndMonth -->
