<?xml version="1.0" encoding="UTF-8"?>
<!-- Generated by org.testng.reporters.JUnitReportReporter -->
<testsuite hostname="LTIN518445" failures="0" tests="1" name="testcases.Tc_003_005_UI_ValidatingEMIcalculator_YearAndMonth" time="3.891" errors="0" timestamp="2024-06-13T17:54:38 IST" skipped="0">
  <testcase classname="testcases.Tc_003_005_UI_ValidatingEMIcalculator_YearAndMonth" name="validatingEMIcalculator_YearAndMonth" time="3.891"/>
</testsuite> <!-- testcases.Tc_003_005_UI_ValidatingEMIcalculator_YearAndMonth -->
