<?xml version="1.0" encoding="UTF-8"?>
<!-- Generated by org.testng.reporters.JUnitReportReporter -->
<testsuite hostname="LTIN511680" failures="0" tests="1" name="testcases.Tc_003_UI_ValidatingLoanAmountcalculator_InterestRate" time="1.315" errors="0" timestamp="2024-04-07T01:43:54 IST" skipped="0">
  <testcase classname="testcases.Tc_003_UI_ValidatingLoanAmountcalculator_InterestRate" name="validatingLoanAmountcalculator_InterestRate" time="1.315"/>
</testsuite> <!-- testcases.Tc_003_UI_ValidatingLoanAmountcalculator_InterestRate -->
