<?xml version="1.0" encoding="UTF-8"?>
<!-- Generated by org.testng.reporters.JUnitReportReporter -->
<testsuite hostname="LTIN511680" failures="0" tests="1" name="testcases.Tc_001_CarLoan" time="0.746" errors="0" timestamp="2024-04-07T17:11:25 IST" skipped="0">
  <testcase classname="testcases.Tc_001_CarLoan" name="validateCarLoan" time="0.746"/>
</testsuite> <!-- testcases.Tc_001_CarLoan -->
