<?xml version="1.0" encoding="UTF-8"?>
<!-- Generated by org.testng.reporters.JUnitReportReporter -->
<testsuite hostname="LTIN518445" failures="0" tests="1" name="testcases.Tc_003_003_UI_ValidatingEMIcalculator_LoanTenure" time="7.030" errors="0" timestamp="2024-06-13T17:54:38 IST" skipped="0">
  <testcase classname="testcases.Tc_003_003_UI_ValidatingEMIcalculator_LoanTenure" name="validatingEMIcalculator_LoanTenure" time="7.030"/>
</testsuite> <!-- testcases.Tc_003_003_UI_ValidatingEMIcalculator_LoanTenure -->
