<?xml version="1.0" encoding="UTF-8"?>
<!-- Generated by org.testng.reporters.JUnitReportReporter -->
<testsuite hostname="LTIN511680" failures="0" tests="2" name="driverUtility.DriverSetup" time="16.915" errors="0" timestamp="2024-04-02T14:52:51 IST" skipped="0">
  <testcase classname="driverUtility.DriverSetup" name="driverSet" time="14.338"/>
  <testcase classname="driverUtility.DriverSetup" name="tearDown" time="2.577"/>
</testsuite> <!-- driverUtility.DriverSetup -->
