<?xml version="1.0" encoding="UTF-8"?>
<!-- Generated by org.testng.reporters.JUnitReportReporter -->
<testsuite hostname="LTIN518445" failures="0" tests="1" name="cucumber.Runner" time="59.539" errors="0" timestamp="2024-06-14T16:20:44 IST" skipped="0">
  <testcase classname="cucumber.Runner" name="runScenario" time="59.539"/>
</testsuite> <!-- cucumber.Runner -->
