<?xml version="1.0" encoding="UTF-8"?>
<!-- Generated by org.testng.reporters.JUnitReportReporter -->
<testsuite hostname="LTIN518445" failures="0" tests="3" name="cucumber.testRunner.Runner" time="99.415" errors="0" timestamp="2024-06-20T19:33:08 IST" skipped="0">
  <testcase classname="cucumber.testRunner.Runner" name="runScenario" time="28.424"/>
  <testcase classname="cucumber.testRunner.Runner" name="runScenario" time="30.173"/>
  <testcase classname="cucumber.testRunner.Runner" name="runScenario" time="40.818"/>
</testsuite> <!-- cucumber.testRunner.Runner -->
