<?xml version="1.0" encoding="UTF-8"?>
<!-- Generated by org.testng.reporters.JUnitReportReporter -->
<testsuite hostname="LTIN518445" failures="0" tests="3" name="cucumber.testRunner.Runner" time="149.784" errors="0" timestamp="2024-06-21T10:03:32 IST" skipped="0">
  <testcase classname="cucumber.testRunner.Runner" name="runScenario" time="66.746"/>
  <testcase classname="cucumber.testRunner.Runner" name="runScenario" time="29.290"/>
  <testcase classname="cucumber.testRunner.Runner" name="runScenario" time="53.748"/>
</testsuite> <!-- cucumber.testRunner.Runner -->
