<?xml version="1.0" encoding="UTF-8"?>
<!-- Generated by org.testng.reporters.JUnitReportReporter -->
<testsuite hostname="LTIN518445" failures="0" tests="3" name="cucumber.testRunner.Runner" time="81.369" errors="0" timestamp="2024-06-20T19:53:44 IST" skipped="0">
  <testcase classname="cucumber.testRunner.Runner" name="runScenario" time="31.661"/>
  <testcase classname="cucumber.testRunner.Runner" name="runScenario" time="23.242"/>
  <testcase classname="cucumber.testRunner.Runner" name="runScenario" time="26.466"/>
</testsuite> <!-- cucumber.testRunner.Runner -->
